#
# There is insufficient memory for the Java Runtime Environment to continue.
# Native memory allocation (mmap) failed to map 716177408 bytes for committing reserved memory.
# Possible reasons:
#   The system is out of physical RAM or swap space
#   In 32 bit mode, the process size limit was hit
# Possible solutions:
#   Reduce memory load on the system
#   Increase physical memory or swap space
#   Check if swap backing store is full
#   Use 64 bit Java on a 64 bit OS
#   Decrease Java heap size (-Xmx/-Xms)
#   Decrease number of Java threads
#   Decrease Java thread stack sizes (-Xss)
#   Set larger code cache with -XX:ReservedCodeCacheSize=
# This output file may be truncated or incomplete.
#
#  Out of Memory Error (os_linux.cpp:2643), pid=21662, tid=0x00007fa174088700
#
# JRE version:  (8.0_171-b11) (build )
# Java VM: OpenJDK 64-Bit Server VM (25.171-b11 mixed mode linux-amd64 compressed oops)
# Failed to write core dump. Core dumps have been disabled. To enable core dumping, try "ulimit -c unlimited" before starting Java again
#

---------------  T H R E A D  ---------------

Current thread (0x00007fa16c00b000):  JavaThread "Unknown thread" [_thread_in_vm, id=21663, stack(0x00007fa173f89000,0x00007fa174089000)]

Stack: [0x00007fa173f89000,0x00007fa174089000],  sp=0x00007fa174087590,  free space=1017k
Native frames: (J=compiled Java code, j=interpreted, Vv=VM code, C=native code)
V  [libjvm.so+0xaab382]
V  [libjvm.so+0x4d79a7]
V  [libjvm.so+0x8e66c0]
V  [libjvm.so+0x8e0c1e]
V  [libjvm.so+0x961436]
V  [libjvm.so+0x95176c]
V  [libjvm.so+0x2b2f0e]
V  [libjvm.so+0x90e3c1]
V  [libjvm.so+0xa6d97a]
V  [libjvm.so+0xa6dc65]
V  [libjvm.so+0x623caf]
V  [libjvm.so+0xa513bb]
V  [libjvm.so+0x6a6d01]  JNI_CreateJavaVM+0x61
C  [libjli.so+0x2ce3]
C  [libjli.so+0x777d]
C  [libpthread.so.0+0x76db]  start_thread+0xdb


---------------  P R O C E S S  ---------------

Java Threads: ( => current thread )

Other Threads:

=>0x00007fa16c00b000 (exited) JavaThread "Unknown thread" [_thread_in_vm, id=21663, stack(0x00007fa173f89000,0x00007fa174089000)]

VM state:not at safepoint (not fully initialized)

VM Mutex/Monitor currently owned by a thread: None

GC Heap History (0 events):
No events

Deoptimization events (0 events):
No events

Classes redefined (0 events):
No events

Internal exceptions (0 events):
No events

Events (0 events):
No events


Dynamic libraries:
eab00000-100000000 rw-p 00000000 00:00 0 
5565766a1000-5565766a2000 r-xp 00000000 08:01 11665884                   /usr/lib/jvm/java-8-openjdk-amd64/jre/bin/java
5565768a1000-5565768a2000 r--p 00000000 08:01 11665884                   /usr/lib/jvm/java-8-openjdk-amd64/jre/bin/java
5565768a2000-5565768a3000 rw-p 00001000 08:01 11665884                   /usr/lib/jvm/java-8-openjdk-amd64/jre/bin/java
556577d04000-556577d25000 rw-p 00000000 00:00 0                          [heap]
7fa164000000-7fa164270000 rwxp 00000000 00:00 0 
7fa164270000-7fa16c000000 ---p 00000000 00:00 0 
7fa16c000000-7fa16c032000 rw-p 00000000 00:00 0 
7fa16c032000-7fa170000000 ---p 00000000 00:00 0 
7fa1704e3000-7fa170638000 ---p 00000000 00:00 0 
7fa170638000-7fa1706ee000 rw-p 00000000 00:00 0 
7fa1706ee000-7fa1708e4000 ---p 00000000 00:00 0 
7fa1708e4000-7fa1708ec000 r-xp 00000000 08:01 11665930                   /usr/lib/jvm/java-8-openjdk-amd64/jre/lib/amd64/libzip.so
7fa1708ec000-7fa170aeb000 ---p 00008000 08:01 11665930                   /usr/lib/jvm/java-8-openjdk-amd64/jre/lib/amd64/libzip.so
7fa170aeb000-7fa170aec000 r--p 00007000 08:01 11665930                   /usr/lib/jvm/java-8-openjdk-amd64/jre/lib/amd64/libzip.so
7fa170aec000-7fa170aed000 rw-p 00008000 08:01 11665930                   /usr/lib/jvm/java-8-openjdk-amd64/jre/lib/amd64/libzip.so
7fa170aed000-7fa170af8000 r-xp 00000000 08:01 28840612                   /lib/x86_64-linux-gnu/libnss_files-2.27.so
7fa170af8000-7fa170cf7000 ---p 0000b000 08:01 28840612                   /lib/x86_64-linux-gnu/libnss_files-2.27.so
7fa170cf7000-7fa170cf8000 r--p 0000a000 08:01 28840612                   /lib/x86_64-linux-gnu/libnss_files-2.27.so
7fa170cf8000-7fa170cf9000 rw-p 0000b000 08:01 28840612                   /lib/x86_64-linux-gnu/libnss_files-2.27.so
7fa170cf9000-7fa170cff000 rw-p 00000000 00:00 0 
7fa170cff000-7fa170d16000 r-xp 00000000 08:01 28840606                   /lib/x86_64-linux-gnu/libnsl-2.27.so
7fa170d16000-7fa170f15000 ---p 00017000 08:01 28840606                   /lib/x86_64-linux-gnu/libnsl-2.27.so
7fa170f15000-7fa170f16000 r--p 00016000 08:01 28840606                   /lib/x86_64-linux-gnu/libnsl-2.27.so
7fa170f16000-7fa170f17000 rw-p 00017000 08:01 28840606                   /lib/x86_64-linux-gnu/libnsl-2.27.so
7fa170f17000-7fa170f19000 rw-p 00000000 00:00 0 
7fa170f19000-7fa170f24000 r-xp 00000000 08:01 28840623                   /lib/x86_64-linux-gnu/libnss_nis-2.27.so
7fa170f24000-7fa171123000 ---p 0000b000 08:01 28840623                   /lib/x86_64-linux-gnu/libnss_nis-2.27.so
7fa171123000-7fa171124000 r--p 0000a000 08:01 28840623                   /lib/x86_64-linux-gnu/libnss_nis-2.27.so
7fa171124000-7fa171125000 rw-p 0000b000 08:01 28840623                   /lib/x86_64-linux-gnu/libnss_nis-2.27.so
7fa171125000-7fa17112d000 r-xp 00000000 08:01 28840608                   /lib/x86_64-linux-gnu/libnss_compat-2.27.so
7fa17112d000-7fa17132d000 ---p 00008000 08:01 28840608                   /lib/x86_64-linux-gnu/libnss_compat-2.27.so
7fa17132d000-7fa17132e000 r--p 00008000 08:01 28840608                   /lib/x86_64-linux-gnu/libnss_compat-2.27.so
7fa17132e000-7fa17132f000 rw-p 00009000 08:01 28840608                   /lib/x86_64-linux-gnu/libnss_compat-2.27.so
7fa17132f000-7fa17135d000 r-xp 00000000 08:01 11665911                   /usr/lib/jvm/java-8-openjdk-amd64/jre/lib/amd64/libjava.so
7fa17135d000-7fa17155c000 ---p 0002e000 08:01 11665911                   /usr/lib/jvm/java-8-openjdk-amd64/jre/lib/amd64/libjava.so
7fa17155c000-7fa17155d000 r--p 0002d000 08:01 11665911                   /usr/lib/jvm/java-8-openjdk-amd64/jre/lib/amd64/libjava.so
7fa17155d000-7fa17155f000 rw-p 0002e000 08:01 11665911                   /usr/lib/jvm/java-8-openjdk-amd64/jre/lib/amd64/libjava.so
7fa17155f000-7fa17156f000 r-xp 00000000 08:01 11665929                   /usr/lib/jvm/java-8-openjdk-amd64/jre/lib/amd64/libverify.so
7fa17156f000-7fa17176e000 ---p 00010000 08:01 11665929                   /usr/lib/jvm/java-8-openjdk-amd64/jre/lib/amd64/libverify.so
7fa17176e000-7fa171770000 r--p 0000f000 08:01 11665929                   /usr/lib/jvm/java-8-openjdk-amd64/jre/lib/amd64/libverify.so
7fa171770000-7fa171771000 rw-p 00011000 08:01 11665929                   /usr/lib/jvm/java-8-openjdk-amd64/jre/lib/amd64/libverify.so
7fa171771000-7fa171778000 r-xp 00000000 08:01 28840663                   /lib/x86_64-linux-gnu/librt-2.27.so
7fa171778000-7fa171977000 ---p 00007000 08:01 28840663                   /lib/x86_64-linux-gnu/librt-2.27.so
7fa171977000-7fa171978000 r--p 00006000 08:01 28840663                   /lib/x86_64-linux-gnu/librt-2.27.so
7fa171978000-7fa171979000 rw-p 00007000 08:01 28840663                   /lib/x86_64-linux-gnu/librt-2.27.so
7fa171979000-7fa171990000 r-xp 00000000 08:01 28840559                   /lib/x86_64-linux-gnu/libgcc_s.so.1
7fa171990000-7fa171b8f000 ---p 00017000 08:01 28840559                   /lib/x86_64-linux-gnu/libgcc_s.so.1
7fa171b8f000-7fa171b90000 r--p 00016000 08:01 28840559                   /lib/x86_64-linux-gnu/libgcc_s.so.1
7fa171b90000-7fa171b91000 rw-p 00017000 08:01 28840559                   /lib/x86_64-linux-gnu/libgcc_s.so.1
7fa171b91000-7fa171d2e000 r-xp 00000000 08:01 28840585                   /lib/x86_64-linux-gnu/libm-2.27.so
7fa171d2e000-7fa171f2d000 ---p 0019d000 08:01 28840585                   /lib/x86_64-linux-gnu/libm-2.27.so
7fa171f2d000-7fa171f2e000 r--p 0019c000 08:01 28840585                   /lib/x86_64-linux-gnu/libm-2.27.so
7fa171f2e000-7fa171f2f000 rw-p 0019d000 08:01 28840585                   /lib/x86_64-linux-gnu/libm-2.27.so
7fa171f2f000-7fa1720ad000 r-xp 00000000 08:01 11543145                   /usr/lib/x86_64-linux-gnu/libstdc++.so.6.0.25
7fa1720ad000-7fa1722ad000 ---p 0017e000 08:01 11543145                   /usr/lib/x86_64-linux-gnu/libstdc++.so.6.0.25
7fa1722ad000-7fa1722b7000 r--p 0017e000 08:01 11543145                   /usr/lib/x86_64-linux-gnu/libstdc++.so.6.0.25
7fa1722b7000-7fa1722b9000 rw-p 00188000 08:01 11543145                   /usr/lib/x86_64-linux-gnu/libstdc++.so.6.0.25
7fa1722b9000-7fa1722bd000 rw-p 00000000 00:00 0 
7fa1722bd000-7fa172f4e000 r-xp 00000000 08:01 11665933                   /usr/lib/jvm/java-8-openjdk-amd64/jre/lib/amd64/server/libjvm.so
7fa172f4e000-7fa17314e000 ---p 00c91000 08:01 11665933                   /usr/lib/jvm/java-8-openjdk-amd64/jre/lib/amd64/server/libjvm.so
7fa17314e000-7fa1731e1000 r--p 00c91000 08:01 11665933                   /usr/lib/jvm/java-8-openjdk-amd64/jre/lib/amd64/server/libjvm.so
7fa1731e1000-7fa173209000 rw-p 00d24000 08:01 11665933                   /usr/lib/jvm/java-8-openjdk-amd64/jre/lib/amd64/server/libjvm.so
7fa173209000-7fa17323a000 rw-p 00000000 00:00 0 
7fa17323a000-7fa173254000 r-xp 00000000 08:01 28840655                   /lib/x86_64-linux-gnu/libpthread-2.27.so
7fa173254000-7fa173453000 ---p 0001a000 08:01 28840655                   /lib/x86_64-linux-gnu/libpthread-2.27.so
7fa173453000-7fa173454000 r--p 00019000 08:01 28840655                   /lib/x86_64-linux-gnu/libpthread-2.27.so
7fa173454000-7fa173455000 rw-p 0001a000 08:01 28840655                   /lib/x86_64-linux-gnu/libpthread-2.27.so
7fa173455000-7fa173459000 rw-p 00000000 00:00 0 
7fa173459000-7fa17345c000 r-xp 00000000 08:01 28840545                   /lib/x86_64-linux-gnu/libdl-2.27.so
7fa17345c000-7fa17365b000 ---p 00003000 08:01 28840545                   /lib/x86_64-linux-gnu/libdl-2.27.so
7fa17365b000-7fa17365c000 r--p 00002000 08:01 28840545                   /lib/x86_64-linux-gnu/libdl-2.27.so
7fa17365c000-7fa17365d000 rw-p 00003000 08:01 28840545                   /lib/x86_64-linux-gnu/libdl-2.27.so
7fa17365d000-7fa173679000 r-xp 00000000 08:01 28840694                   /lib/x86_64-linux-gnu/libz.so.1.2.11
7fa173679000-7fa173878000 ---p 0001c000 08:01 28840694                   /lib/x86_64-linux-gnu/libz.so.1.2.11
7fa173878000-7fa173879000 r--p 0001b000 08:01 28840694                   /lib/x86_64-linux-gnu/libz.so.1.2.11
7fa173879000-7fa17387a000 rw-p 0001c000 08:01 28840694                   /lib/x86_64-linux-gnu/libz.so.1.2.11
7fa17387a000-7fa173a61000 r-xp 00000000 08:01 28840522                   /lib/x86_64-linux-gnu/libc-2.27.so
7fa173a61000-7fa173c61000 ---p 001e7000 08:01 28840522                   /lib/x86_64-linux-gnu/libc-2.27.so
7fa173c61000-7fa173c65000 r--p 001e7000 08:01 28840522                   /lib/x86_64-linux-gnu/libc-2.27.so
7fa173c65000-7fa173c67000 rw-p 001eb000 08:01 28840522                   /lib/x86_64-linux-gnu/libc-2.27.so
7fa173c67000-7fa173c6b000 rw-p 00000000 00:00 0 
7fa173c6b000-7fa173c79000 r-xp 00000000 08:01 11665897                   /usr/lib/jvm/java-8-openjdk-amd64/jre/lib/amd64/jli/libjli.so
7fa173c79000-7fa173e78000 ---p 0000e000 08:01 11665897                   /usr/lib/jvm/java-8-openjdk-amd64/jre/lib/amd64/jli/libjli.so
7fa173e78000-7fa173e79000 r--p 0000d000 08:01 11665897                   /usr/lib/jvm/java-8-openjdk-amd64/jre/lib/amd64/jli/libjli.so
7fa173e79000-7fa173e7a000 rw-p 0000e000 08:01 11665897                   /usr/lib/jvm/java-8-openjdk-amd64/jre/lib/amd64/jli/libjli.so
7fa173e7a000-7fa173ea1000 r-xp 00000000 08:01 28840494                   /lib/x86_64-linux-gnu/ld-2.27.so
7fa173f88000-7fa173f89000 ---p 00000000 00:00 0 
7fa173f89000-7fa173f8c000 ---p 00000000 00:00 0 
7fa173f8c000-7fa17408b000 rw-p 00000000 00:00 0 
7fa174095000-7fa17409d000 rw-s 00000000 08:01 27657650                   /tmp/hsperfdata_knoldus/21662
7fa17409d000-7fa17409e000 rw-p 00000000 00:00 0 
7fa17409e000-7fa17409f000 r--p 00000000 00:00 0 
7fa17409f000-7fa1740a1000 rw-p 00000000 00:00 0 
7fa1740a1000-7fa1740a2000 r--p 00027000 08:01 28840494                   /lib/x86_64-linux-gnu/ld-2.27.so
7fa1740a2000-7fa1740a3000 rw-p 00028000 08:01 28840494                   /lib/x86_64-linux-gnu/ld-2.27.so
7fa1740a3000-7fa1740a4000 rw-p 00000000 00:00 0 
7ffdb40c8000-7ffdb40e9000 rw-p 00000000 00:00 0                          [stack]
7ffdb4107000-7ffdb410a000 r--p 00000000 00:00 0                          [vvar]
7ffdb410a000-7ffdb410c000 r-xp 00000000 00:00 0                          [vdso]
ffffffffff600000-ffffffffff601000 r-xp 00000000 00:00 0                  [vsyscall]

VM Arguments:
jvm_args: -Xms1024m -Xmx1024m -XX:ReservedCodeCacheSize=128m -XX:MaxMetaspaceSize=256m 
java_command: /usr/share/sbt/bin/sbt-launch.jar
java_class_path (initial): /usr/share/sbt/bin/sbt-launch.jar
Launcher Type: SUN_STANDARD

Environment Variables:
PATH=/usr/local/sbin:/usr/local/bin:/usr/sbin:/usr/bin:/sbin:/bin:/usr/games:/usr/local/games:/snap/bin
USERNAME=knoldus
SHELL=/bin/bash
DISPLAY=:0

Signal Handlers:
SIGSEGV: [libjvm.so+0xaabcd0], sa_mask[0]=11111111011111111101111111111110, sa_flags=SA_RESTART|SA_SIGINFO
SIGBUS: [libjvm.so+0xaabcd0], sa_mask[0]=11111111011111111101111111111110, sa_flags=SA_RESTART|SA_SIGINFO
SIGFPE: [libjvm.so+0x8e1d50], sa_mask[0]=11111111011111111101111111111110, sa_flags=SA_RESTART|SA_SIGINFO
SIGPIPE: [libjvm.so+0x8e1d50], sa_mask[0]=11111111011111111101111111111110, sa_flags=SA_RESTART|SA_SIGINFO
SIGXFSZ: [libjvm.so+0x8e1d50], sa_mask[0]=11111111011111111101111111111110, sa_flags=SA_RESTART|SA_SIGINFO
SIGILL: [libjvm.so+0x8e1d50], sa_mask[0]=11111111011111111101111111111110, sa_flags=SA_RESTART|SA_SIGINFO
SIGUSR1: SIG_DFL, sa_mask[0]=00000000000000000000000000000000, sa_flags=none
SIGUSR2: [libjvm.so+0x8e1c00], sa_mask[0]=00000000000000000000000000000000, sa_flags=SA_RESTART|SA_SIGINFO
SIGHUP: SIG_DFL, sa_mask[0]=00000000000000000000000000000000, sa_flags=none
SIGINT: SIG_DFL, sa_mask[0]=00000000000000000000000000000000, sa_flags=none
SIGTERM: SIG_DFL, sa_mask[0]=00000000000000000000000000000000, sa_flags=none
SIGQUIT: SIG_DFL, sa_mask[0]=00000000000000000000000000000000, sa_flags=none


---------------  S Y S T E M  ---------------

OS:DISTRIB_ID=Ubuntu
DISTRIB_RELEASE=18.04
DISTRIB_CODENAME=bionic
DISTRIB_DESCRIPTION="Ubuntu 18.04 LTS"

uname:Linux 4.15.0-23-generic #25-Ubuntu SMP Wed May 23 18:02:16 UTC 2018 x86_64
libc:glibc 2.27 NPTL 2.27 
rlimit: STACK 8192k, CORE 0k, NPROC 15049, NOFILE 4096, AS infinity
load average:1.20 1.75 1.23

/proc/meminfo:
MemTotal:        3911788 kB
MemFree:          111804 kB
MemAvailable:     123204 kB
Buffers:            7504 kB
Cached:           321580 kB
SwapCached:        46684 kB
Active:          2934272 kB
Inactive:         640868 kB
Active(anon):    2815884 kB
Inactive(anon):   562428 kB
Active(file):     118388 kB
Inactive(file):    78440 kB
Unevictable:          32 kB
Mlocked:              32 kB
SwapTotal:       2097148 kB
SwapFree:         298396 kB
Dirty:               176 kB
Writeback:             0 kB
AnonPages:       3218800 kB
Mapped:           172744 kB
Shmem:            132208 kB
Slab:              95636 kB
SReclaimable:      40364 kB
SUnreclaim:        55272 kB
KernelStack:       14160 kB
PageTables:        57776 kB
NFS_Unstable:          0 kB
Bounce:                0 kB
WritebackTmp:          0 kB
CommitLimit:     4053040 kB
Committed_AS:   13091128 kB
VmallocTotal:   34359738367 kB
VmallocUsed:           0 kB
VmallocChunk:          0 kB
HardwareCorrupted:     0 kB
AnonHugePages:         0 kB
ShmemHugePages:        0 kB
ShmemPmdMapped:        0 kB
CmaTotal:              0 kB
CmaFree:               0 kB
HugePages_Total:       0
HugePages_Free:        0
HugePages_Rsvd:        0
HugePages_Surp:        0
Hugepagesize:       2048 kB
DirectMap4k:      237308 kB
DirectMap2M:     3829760 kB


CPU:total 4 (initial active 4) (2 cores per cpu, 2 threads per core) family 6 model 58 stepping 9, cmov, cx8, fxsr, mmx, sse, sse2, sse3, ssse3, sse4.1, sse4.2, popcnt, avx, aes, clmul, erms, ht, tsc, tscinvbit, tscinv

/proc/cpuinfo:
processor	: 0
vendor_id	: GenuineIntel
cpu family	: 6
model		: 58
model name	: Intel(R) Core(TM) i5-3230M CPU @ 2.60GHz
stepping	: 9
microcode	: 0x1f
cpu MHz		: 2941.881
cache size	: 3072 KB
physical id	: 0
siblings	: 4
core id		: 0
cpu cores	: 2
apicid		: 0
initial apicid	: 0
fpu		: yes
fpu_exception	: yes
cpuid level	: 13
wp		: yes
flags		: fpu vme de pse tsc msr pae mce cx8 apic sep mtrr pge mca cmov pat pse36 clflush dts acpi mmx fxsr sse sse2 ss ht tm pbe syscall nx rdtscp lm constant_tsc arch_perfmon pebs bts rep_good nopl xtopology nonstop_tsc cpuid aperfmperf pni pclmulqdq dtes64 monitor ds_cpl vmx est tm2 ssse3 cx16 xtpr pdcm pcid sse4_1 sse4_2 x2apic popcnt tsc_deadline_timer aes xsave avx f16c rdrand lahf_lm cpuid_fault epb pti ibrs ibpb stibp tpr_shadow vnmi flexpriority ept vpid fsgsbase smep erms xsaveopt dtherm ida arat pln pts
bugs		: cpu_meltdown spectre_v1 spectre_v2 spec_store_bypass
bogomips	: 5187.87
clflush size	: 64
cache_alignment	: 64
address sizes	: 36 bits physical, 48 bits virtual
power management:

processor	: 1
vendor_id	: GenuineIntel
cpu family	: 6
model		: 58
model name	: Intel(R) Core(TM) i5-3230M CPU @ 2.60GHz
stepping	: 9
microcode	: 0x1f
cpu MHz		: 2951.375
cache size	: 3072 KB
physical id	: 0
siblings	: 4
core id		: 0
cpu cores	: 6
apicid		: 1
initial apicid	: 1
fpu		: yes
fpu_exception	: yes
cpuid level	: 13
wp		: yes
flags		: fpu vme de pse tsc msr pae mce cx8 apic sep mtrr pge mca cmov pat pse36 clflush dts acpi mmx fxsr sse sse2 ss ht tm pbe syscall nx rdtscp lm constant_tsc arch_perfmon pebs bts rep_good nopl xtopology nonstop_tsc cpuid aperfmperf pni pclmulqdq dtes64 monitor ds_cpl vmx est tm2 ssse3 cx16 xtpr pdcm pcid sse4_1 sse4_2 x2apic popcnt tsc_deadline_timer aes xsave avx f16c rdrand lahf_lm cpuid_fault epb pti ibrs ibpb stibp tpr_shadow vnmi flexpriority ept vpid fsgsbase smep erms xsaveopt dtherm ida arat pln pts
bugs		: cpu_meltdown spectre_v1 spectre_v2 spec_store_bypass
bogomips	: 5187.87
clflush size	: 64
cache_alignment	: 64
address sizes	: 36 bits physical, 48 bits virtual
power management:

processor	: 2
vendor_id	: GenuineIntel
cpu family	: 6
model		: 58
model name	: Intel(R) Core(TM) i5-3230M CPU @ 2.60GHz
stepping	: 9
microcode	: 0x1f
cpu MHz		: 2963.469
cache size	: 3072 KB
physical id	: 0
siblings	: 4
core id		: 1
cpu cores	: 10
apicid		: 2
initial apicid	: 2
fpu		: yes
fpu_exception	: yes
cpuid level	: 13
wp		: yes
flags		: fpu vme de pse tsc msr pae mce cx8 apic sep mtrr pge mca cmov pat pse36 clflush dts acpi mmx fxsr sse sse2 ss ht tm pbe syscall nx rdtscp lm constant_tsc arch_perfmon pebs bts rep_good nopl xtopology nonstop_tsc cpuid aperfmperf pni pclmulqdq dtes64 monitor ds_cpl vmx est tm2 ssse3 cx16 xtpr pdcm pcid sse4_1 sse4_2 x2apic popcnt tsc_deadline_timer aes xsave avx f16c rdrand lahf_lm cpuid_fault epb pti ibrs ibpb stibp tpr_shadow vnmi flexpriority ept vpid fsgsbase smep erms xsaveopt dtherm ida arat pln pts
bugs		: cpu_meltdown spectre_v1 spectre_v2 spec_store_bypass
bogomips	: 5187.87
clflush size	: 64
cache_alignment	: 64
address sizes	: 36 bits physical, 48 bits virtual
power management:

processor	: 3
vendor_id	: GenuineIntel
cpu family	: 6
model		: 58
model name	: Intel(R) Core(TM) i5-3230M CPU @ 2.60GHz
stepping	: 9
microcode	: 0x1f
cpu MHz		: 2951.124
cache size	: 3072 KB
physical id	: 0
siblings	: 4
core id		: 1
cpu cores	: 2
apicid		: 3
initial apicid	: 3
fpu		: yes
fpu_exception	: yes
cpuid level	: 13
wp		: yes
flags		: fpu vme de pse tsc msr pae mce cx8 apic sep mtrr pge mca cmov pat pse36 clflush dts acpi mmx fxsr sse sse2 ss ht tm pbe syscall nx rdtscp lm constant_tsc arch_perfmon pebs bts rep_good nopl xtopology nonstop_tsc cpuid aperfmperf pni pclmulqdq dtes64 monitor ds_cpl vmx est tm2 ssse3 cx16 xtpr pdcm pcid sse4_1 sse4_2 x2apic popcnt tsc_deadline_timer aes xsave avx f16c rdrand lahf_lm cpuid_fault epb pti ibrs ibpb stibp tpr_shadow vnmi flexpriority ept vpid fsgsbase smep erms xsaveopt dtherm ida arat pln pts
bugs		: cpu_meltdown spectre_v1 spectre_v2 spec_store_bypass
bogomips	: 5187.87
clflush size	: 64
cache_alignment	: 64
address sizes	: 36 bits physical, 48 bits virtual
power management:



Memory: 4k page, physical 3911788k(111804k free), swap 2097148k(298396k free)

vm_info: OpenJDK 64-Bit Server VM (25.171-b11) for linux-amd64 JRE (1.8.0_171-8u171-b11-0ubuntu0.18.04.1-b11), built on Apr 26 2018 15:59:34 by "buildd" with gcc 7.3.0

time: Mon Jul  9 10:10:12 2018
elapsed time: 0 seconds (0d 0h 0m 0s)

